<?xml version="1.0" encoding="UTF-8"?>
<testsuite name="BlockchainTest" tests="1" skipped="0" failures="1" errors="0" timestamp="2023-06-30T19:11:12" hostname="mbp-micha-2" time="30.041">
  <properties/>
  <testcase name="start" classname="BlockchainTest" time="30.041">
    <failure message="java.lang.AssertionError: Error in test #1&#10;&#10;In this test, the program is running for a long time, more than 30 seconds. Most likely, the program has gone into an infinite loop.&#10;&#10;Please find below the output of your program during this failed test.&#10;&#10;---&#10;&#10;Block:&#10;            Created by miner: miner3&#10;            miner3 gets 100 VC&#10;            Id: 1&#10;            Timestamp: 1688152272262&#10;            Magic number: -2079821077&#10;            Hash of the previous block:&#10;            0&#10;            Hash of the block:&#10;            e28fc9e0d620bc404c7b4b1382cc2e03a5db052a88067be32b8402b6aa37e0ef&#10;            Block data:&#10;            No transactions&#10;            Block was generating for 0.012 seconds&#10;            N was increased by 1&#10;            &#10;&#10;            Block:&#10;            Created by miner: miner8&#10;            miner8 gets 100 VC&#10;            Id: 1&#10;            Timestamp: 1688152272262&#10;            Magic number: 2126371404&#10;            Hash of the previous block:&#10;            0&#10;            Hash of the block:&#10;            ab1ba9a99f232554b3a87e2e9ac7b74fc5945a1e39db745ca1c81f19a928f116&#10;            Block data:&#10;            CarPartsShop sent 20 VC to CarShop&#10;            Block was generating for 0.012 seconds&#10;            N was increased by 1&#10;            &#10;&#10;            Block:&#10;            Created by miner: miner10&#10;            miner10 gets 100 VC&#10;            Id: 2&#10;            Timestamp: 1688152272295&#10;            Magic number: 1860817884&#10;            Hash of the previous block:&#10;            e28fc9e0d620bc404c7b4b1382cc2e03a5db052a88067be32b8402b6aa37e0ef&#10;            Hash of the block:&#10;            0082933f8c3fe94f89de9a4183e0c0b21ae85e6fc410323444af94c9875d3c75&#10;            Block data:&#10;            No transactions&#10;            Block was generating for 0.002 seconds&#10;            N was increased by 1&#10;            &#10;&#10;            Block:&#10;            Created by miner: miner4&#10;            miner4 gets 100 VC&#10;            Id: 4&#10;            Timestamp: 1688152272297&#10;            Magic number: 1826134453&#10;            Hash of the previous block:&#10;            0082933f8c3fe94f89de9a4183e0c0b21ae85e6fc410323444af94c9875d3c75&#10;            Hash of the block:&#10;            000eedf707687279ae50bd3c29109fcf05e23fe4cb907210c3168262534901e3&#10;            Block data:&#10;            No transactions&#10;            Block was generating for 0.075 seconds&#10;            N was increased by 1&#10;            &#10;&#10;            Block:&#10;            Created by miner: miner7&#10;            miner7 gets 100 VC&#10;            Id: 5&#10;            Timestamp: 1688152272372&#10;            Magic number: 1932357570&#10;            Hash of the previous block:&#10;            000eedf707687279ae50bd3c29109fcf05e23fe4cb907210c3168262534901e3&#10;            Hash of the block:&#10;            00007d4f1b8decb3af241c59d7707c30bc5a5f7d4a5e15ded18eee167b93270b&#10;            Block data:&#10;            BeautyShop sent 2 VC to Worker1&#10;Worker1 sent 20 VC to Nick&#10;miner3 sent 20 VC to FastFood&#10;            Block was generating for 0.127 seconds&#10;            N was increased by 1&#10;            &#10;&#10;            Block:&#10;            Created by miner: miner0&#10;            miner0 gets 100 VC&#10;            Id: 6&#10;            Timestamp: 1688152272506&#10;            Magic number: -860720188&#10;            Hash of the previous block:&#10;            00007d4f1b8decb3af241c59d7707c30bc5a5f7d4a5e15ded18eee167b93270b&#10;            Hash of the block:&#10;            0000011f402db9988175eecd57ee682a3e75fa0ef78b1bc65aac262f89611e50&#10;            Block data:&#10;            Nick sent 1 VC to BeautyShop&#10;            Block was generating for 2.462 seconds&#10;            N was decreased by 1&#10;            &#10;&#10;            Block:&#10;            Created by miner: miner1&#10;            miner1 gets 100 VC&#10;            Id: 6&#10;            Timestamp: 1688152274972&#10;            Magic number: 176309106&#10;            Hash of the previous block:&#10;            00007d4f1b8decb3af241c59d7707c30bc5a5f7d4a5e15ded18eee167b93270b&#10;            Hash of the block:&#10;            0000872a21b385e45adff2d045991c76fca6df82be13bbc917aa4b2a1d304d77&#10;            Block data:&#10;            Nick sent 1 VC to Nick&#10;Worker2 sent 50 VC to Worker2&#10;            Block was generating for 0.003 seconds&#10;            N was increased by 1&#10;            &#10;&#10;            Block:&#10;            Created by miner: miner9&#10;            miner9 gets 100 VC&#10;            Id: 8&#10;            Timestamp: 1688152274980&#10;            Magic number: 1562836677&#10;            Hash of the previous block:&#10;            0000872a21b385e45adff2d045991c76fca6df82be13bbc917aa4b2a1d304d77&#10;            Hash of the block:&#10;            000002ee8cfee3af372f6b15a7777accb4c05178202c4e5fb41e39877f4326df&#10;            Block data:&#10;            No transactions&#10;            Block was generating for 0.091 seconds&#10;            N was increased by 1&#10;            &#10;&#10;            Block:&#10;            Created by miner: miner9&#10;            miner9 gets 100 VC&#10;            Id: 9&#10;            Timestamp: 1688152275071&#10;            Magic number: 1982472912&#10;            Hash of the previous block:&#10;            000002ee8cfee3af372f6b15a7777accb4c05178202c4e5fb41e39877f4326df&#10;            Hash of the block:&#10;            0000005b2b8edef96e47e9aa7da9badd456aa97685ff5f427defffd92962105b&#10;            Block data:&#10;            miner3 sent 50 VC to Worker1&#10;ShoesShop sent 2 VC to ShoesShop&#10;miner1 sent 1 VC to Director1&#10;            Block was generating for 0.14 seconds&#10;            N was increased by 1" type="java.lang.AssertionError">java.lang.AssertionError: Error in test #1

In this test, the program is running for a long time, more than 30 seconds. Most likely, the program has gone into an infinite loop.

Please find below the output of your program during this failed test.

---

Block:
            Created by miner: miner3
            miner3 gets 100 VC
            Id: 1
            Timestamp: 1688152272262
            Magic number: -2079821077
            Hash of the previous block:
            0
            Hash of the block:
            e28fc9e0d620bc404c7b4b1382cc2e03a5db052a88067be32b8402b6aa37e0ef
            Block data:
            No transactions
            Block was generating for 0.012 seconds
            N was increased by 1
            

            Block:
            Created by miner: miner8
            miner8 gets 100 VC
            Id: 1
            Timestamp: 1688152272262
            Magic number: 2126371404
            Hash of the previous block:
            0
            Hash of the block:
            ab1ba9a99f232554b3a87e2e9ac7b74fc5945a1e39db745ca1c81f19a928f116
            Block data:
            CarPartsShop sent 20 VC to CarShop
            Block was generating for 0.012 seconds
            N was increased by 1
            

            Block:
            Created by miner: miner10
            miner10 gets 100 VC
            Id: 2
            Timestamp: 1688152272295
            Magic number: 1860817884
            Hash of the previous block:
            e28fc9e0d620bc404c7b4b1382cc2e03a5db052a88067be32b8402b6aa37e0ef
            Hash of the block:
            0082933f8c3fe94f89de9a4183e0c0b21ae85e6fc410323444af94c9875d3c75
            Block data:
            No transactions
            Block was generating for 0.002 seconds
            N was increased by 1
            

            Block:
            Created by miner: miner4
            miner4 gets 100 VC
            Id: 4
            Timestamp: 1688152272297
            Magic number: 1826134453
            Hash of the previous block:
            0082933f8c3fe94f89de9a4183e0c0b21ae85e6fc410323444af94c9875d3c75
            Hash of the block:
            000eedf707687279ae50bd3c29109fcf05e23fe4cb907210c3168262534901e3
            Block data:
            No transactions
            Block was generating for 0.075 seconds
            N was increased by 1
            

            Block:
            Created by miner: miner7
            miner7 gets 100 VC
            Id: 5
            Timestamp: 1688152272372
            Magic number: 1932357570
            Hash of the previous block:
            000eedf707687279ae50bd3c29109fcf05e23fe4cb907210c3168262534901e3
            Hash of the block:
            00007d4f1b8decb3af241c59d7707c30bc5a5f7d4a5e15ded18eee167b93270b
            Block data:
            BeautyShop sent 2 VC to Worker1
Worker1 sent 20 VC to Nick
miner3 sent 20 VC to FastFood
            Block was generating for 0.127 seconds
            N was increased by 1
            

            Block:
            Created by miner: miner0
            miner0 gets 100 VC
            Id: 6
            Timestamp: 1688152272506
            Magic number: -860720188
            Hash of the previous block:
            00007d4f1b8decb3af241c59d7707c30bc5a5f7d4a5e15ded18eee167b93270b
            Hash of the block:
            0000011f402db9988175eecd57ee682a3e75fa0ef78b1bc65aac262f89611e50
            Block data:
            Nick sent 1 VC to BeautyShop
            Block was generating for 2.462 seconds
            N was decreased by 1
            

            Block:
            Created by miner: miner1
            miner1 gets 100 VC
            Id: 6
            Timestamp: 1688152274972
            Magic number: 176309106
            Hash of the previous block:
            00007d4f1b8decb3af241c59d7707c30bc5a5f7d4a5e15ded18eee167b93270b
            Hash of the block:
            0000872a21b385e45adff2d045991c76fca6df82be13bbc917aa4b2a1d304d77
            Block data:
            Nick sent 1 VC to Nick
Worker2 sent 50 VC to Worker2
            Block was generating for 0.003 seconds
            N was increased by 1
            

            Block:
            Created by miner: miner9
            miner9 gets 100 VC
            Id: 8
            Timestamp: 1688152274980
            Magic number: 1562836677
            Hash of the previous block:
            0000872a21b385e45adff2d045991c76fca6df82be13bbc917aa4b2a1d304d77
            Hash of the block:
            000002ee8cfee3af372f6b15a7777accb4c05178202c4e5fb41e39877f4326df
            Block data:
            No transactions
            Block was generating for 0.091 seconds
            N was increased by 1
            

            Block:
            Created by miner: miner9
            miner9 gets 100 VC
            Id: 9
            Timestamp: 1688152275071
            Magic number: 1982472912
            Hash of the previous block:
            000002ee8cfee3af372f6b15a7777accb4c05178202c4e5fb41e39877f4326df
            Hash of the block:
            0000005b2b8edef96e47e9aa7da9badd456aa97685ff5f427defffd92962105b
            Block data:
            miner3 sent 50 VC to Worker1
ShoesShop sent 2 VC to ShoesShop
miner1 sent 1 VC to Director1
            Block was generating for 0.14 seconds
            N was increased by 1
	at org.junit.Assert.fail(Assert.java:89)
	at org.hyperskill.hstest.stage.StageTest.start(StageTest.java:203)
	at java.base/jdk.internal.reflect.NativeMethodAccessorImpl.invoke0(Native Method)
	at java.base/jdk.internal.reflect.NativeMethodAccessorImpl.invoke(NativeMethodAccessorImpl.java:77)
	at java.base/jdk.internal.reflect.DelegatingMethodAccessorImpl.invoke(DelegatingMethodAccessorImpl.java:43)
	at java.base/java.lang.reflect.Method.invoke(Method.java:568)
	at org.junit.runners.model.FrameworkMethod$1.runReflectiveCall(FrameworkMethod.java:59)
	at org.junit.internal.runners.model.ReflectiveCallable.run(ReflectiveCallable.java:12)
	at org.junit.runners.model.FrameworkMethod.invokeExplosively(FrameworkMethod.java:56)
	at org.junit.internal.runners.statements.InvokeMethod.evaluate(InvokeMethod.java:17)
	at org.junit.runners.ParentRunner$3.evaluate(ParentRunner.java:306)
	at org.junit.runners.BlockJUnit4ClassRunner$1.evaluate(BlockJUnit4ClassRunner.java:100)
	at org.junit.runners.ParentRunner.runLeaf(ParentRunner.java:366)
	at org.junit.runners.BlockJUnit4ClassRunner.runChild(BlockJUnit4ClassRunner.java:103)
	at org.junit.runners.BlockJUnit4ClassRunner.runChild(BlockJUnit4ClassRunner.java:63)
	at org.junit.runners.ParentRunner$4.run(ParentRunner.java:331)
	at org.junit.runners.ParentRunner$1.schedule(ParentRunner.java:79)
	at org.junit.runners.ParentRunner.runChildren(ParentRunner.java:329)
	at org.junit.runners.ParentRunner.access$100(ParentRunner.java:66)
	at org.junit.runners.ParentRunner$2.evaluate(ParentRunner.java:293)
	at org.junit.runners.ParentRunner$3.evaluate(ParentRunner.java:306)
	at org.junit.runners.ParentRunner.run(ParentRunner.java:413)
	at org.gradle.api.internal.tasks.testing.junit.JUnitTestClassExecutor.runTestClass(JUnitTestClassExecutor.java:110)
	at org.gradle.api.internal.tasks.testing.junit.JUnitTestClassExecutor.execute(JUnitTestClassExecutor.java:58)
	at org.gradle.api.internal.tasks.testing.junit.JUnitTestClassExecutor.execute(JUnitTestClassExecutor.java:38)
	at org.gradle.api.internal.tasks.testing.junit.AbstractJUnitTestClassProcessor.processTestClass(AbstractJUnitTestClassProcessor.java:62)
	at org.gradle.api.internal.tasks.testing.SuiteTestClassProcessor.processTestClass(SuiteTestClassProcessor.java:51)
	at java.base/jdk.internal.reflect.NativeMethodAccessorImpl.invoke0(Native Method)
	at java.base/jdk.internal.reflect.NativeMethodAccessorImpl.invoke(NativeMethodAccessorImpl.java:77)
	at java.base/jdk.internal.reflect.DelegatingMethodAccessorImpl.invoke(DelegatingMethodAccessorImpl.java:43)
	at java.base/java.lang.reflect.Method.invoke(Method.java:568)
	at org.gradle.internal.dispatch.ReflectionDispatch.dispatch(ReflectionDispatch.java:36)
	at org.gradle.internal.dispatch.ReflectionDispatch.dispatch(ReflectionDispatch.java:24)
	at org.gradle.internal.dispatch.ContextClassLoaderDispatch.dispatch(ContextClassLoaderDispatch.java:33)
	at org.gradle.internal.dispatch.ProxyDispatchAdapter$DispatchingInvocationHandler.invoke(ProxyDispatchAdapter.java:94)
	at jdk.proxy1/jdk.proxy1.$Proxy2.processTestClass(Unknown Source)
	at org.gradle.api.internal.tasks.testing.worker.TestWorker$2.run(TestWorker.java:176)
	at org.gradle.api.internal.tasks.testing.worker.TestWorker.executeAndMaintainThreadName(TestWorker.java:129)
	at org.gradle.api.internal.tasks.testing.worker.TestWorker.execute(TestWorker.java:100)
	at org.gradle.api.internal.tasks.testing.worker.TestWorker.execute(TestWorker.java:60)
	at org.gradle.process.internal.worker.child.ActionExecutionWorker.execute(ActionExecutionWorker.java:56)
	at org.gradle.process.internal.worker.child.SystemApplicationClassLoaderWorker.call(SystemApplicationClassLoaderWorker.java:133)
	at org.gradle.process.internal.worker.child.SystemApplicationClassLoaderWorker.call(SystemApplicationClassLoaderWorker.java:71)
	at worker.org.gradle.process.internal.worker.GradleWorkerMain.run(GradleWorkerMain.java:69)
	at worker.org.gradle.process.internal.worker.GradleWorkerMain.main(GradleWorkerMain.java:74)
</failure>
  </testcase>
  <system-out><![CDATA[?[1;31m
Start test 1?[0m

            Block:
            Created by miner: miner3
            miner3 gets 100 VC
            Id: 1
            Timestamp: 1688152272262
            Magic number: -2079821077
            Hash of the previous block:
            0
            Hash of the block:
            e28fc9e0d620bc404c7b4b1382cc2e03a5db052a88067be32b8402b6aa37e0ef
            Block data:
            No transactions
            Block was generating for 0.012 seconds
            N was increased by 1
            

            Block:
            Created by miner: miner8
            miner8 gets 100 VC
            Id: 1
            Timestamp: 1688152272262
            Magic number: 2126371404
            Hash of the previous block:
            0
            Hash of the block:
            ab1ba9a99f232554b3a87e2e9ac7b74fc5945a1e39db745ca1c81f19a928f116
            Block data:
            CarPartsShop sent 20 VC to CarShop
            Block was generating for 0.012 seconds
            N was increased by 1
            

            Block:
            Created by miner: miner10
            miner10 gets 100 VC
            Id: 2
            Timestamp: 1688152272295
            Magic number: 1860817884
            Hash of the previous block:
            e28fc9e0d620bc404c7b4b1382cc2e03a5db052a88067be32b8402b6aa37e0ef
            Hash of the block:
            0082933f8c3fe94f89de9a4183e0c0b21ae85e6fc410323444af94c9875d3c75
            Block data:
            No transactions
            Block was generating for 0.002 seconds
            N was increased by 1
            

            Block:
            Created by miner: miner4
            miner4 gets 100 VC
            Id: 4
            Timestamp: 1688152272297
            Magic number: 1826134453
            Hash of the previous block:
            0082933f8c3fe94f89de9a4183e0c0b21ae85e6fc410323444af94c9875d3c75
            Hash of the block:
            000eedf707687279ae50bd3c29109fcf05e23fe4cb907210c3168262534901e3
            Block data:
            No transactions
            Block was generating for 0.075 seconds
            N was increased by 1
            

            Block:
            Created by miner: miner7
            miner7 gets 100 VC
            Id: 5
            Timestamp: 1688152272372
            Magic number: 1932357570
            Hash of the previous block:
            000eedf707687279ae50bd3c29109fcf05e23fe4cb907210c3168262534901e3
            Hash of the block:
            00007d4f1b8decb3af241c59d7707c30bc5a5f7d4a5e15ded18eee167b93270b
            Block data:
            BeautyShop sent 2 VC to Worker1
Worker1 sent 20 VC to Nick
miner3 sent 20 VC to FastFood
            Block was generating for 0.127 seconds
            N was increased by 1
            

            Block:
            Created by miner: miner0
            miner0 gets 100 VC
            Id: 6
            Timestamp: 1688152272506
            Magic number: -860720188
            Hash of the previous block:
            00007d4f1b8decb3af241c59d7707c30bc5a5f7d4a5e15ded18eee167b93270b
            Hash of the block:
            0000011f402db9988175eecd57ee682a3e75fa0ef78b1bc65aac262f89611e50
            Block data:
            Nick sent 1 VC to BeautyShop
            Block was generating for 2.462 seconds
            N was decreased by 1
            

            Block:
            Created by miner: miner1
            miner1 gets 100 VC
            Id: 6
            Timestamp: 1688152274972
            Magic number: 176309106
            Hash of the previous block:
            00007d4f1b8decb3af241c59d7707c30bc5a5f7d4a5e15ded18eee167b93270b
            Hash of the block:
            0000872a21b385e45adff2d045991c76fca6df82be13bbc917aa4b2a1d304d77
            Block data:
            Nick sent 1 VC to Nick
Worker2 sent 50 VC to Worker2
            Block was generating for 0.003 seconds
            N was increased by 1
            

            Block:
            Created by miner: miner9
            miner9 gets 100 VC
            Id: 8
            Timestamp: 1688152274980
            Magic number: 1562836677
            Hash of the previous block:
            0000872a21b385e45adff2d045991c76fca6df82be13bbc917aa4b2a1d304d77
            Hash of the block:
            000002ee8cfee3af372f6b15a7777accb4c05178202c4e5fb41e39877f4326df
            Block data:
            No transactions
            Block was generating for 0.091 seconds
            N was increased by 1
            

            Block:
            Created by miner: miner9
            miner9 gets 100 VC
            Id: 9
            Timestamp: 1688152275071
            Magic number: 1982472912
            Hash of the previous block:
            000002ee8cfee3af372f6b15a7777accb4c05178202c4e5fb41e39877f4326df
            Hash of the block:
            0000005b2b8edef96e47e9aa7da9badd456aa97685ff5f427defffd92962105b
            Block data:
            miner3 sent 50 VC to Worker1
ShoesShop sent 2 VC to ShoesShop
miner1 sent 1 VC to Director1
            Block was generating for 0.14 seconds
            N was increased by 1
            
]]></system-out>
  <system-err><![CDATA[]]></system-err>
</testsuite>
